[20:15:22] [main/INFO]: Setting user: Player671
[20:15:23] [Client thread/INFO]: LWJGL Version: 2.9.1
[20:15:28] [Client thread/INFO]: Reloading ResourceManager: Default, FMLFileResourcePack:Forge Mod Loader, FMLFileResourcePack:Minecraft Forge, FMLFileResourcePack:Random Stuff
[20:15:29] [Sound Library Loader/INFO]: Sound engine started
[20:15:31] [Client thread/INFO]: Created: 512x256 textures/blocks-atlas
[20:15:31] [Client thread/INFO]: Created: 256x256 textures/items-atlas
[20:15:31] [Client thread/INFO]: Reloading ResourceManager: Default, FMLFileResourcePack:Forge Mod Loader, FMLFileResourcePack:Minecraft Forge, FMLFileResourcePack:Random Stuff
[20:15:31] [Client thread/INFO]: Created: 256x256 textures/items-atlas
[20:15:31] [Client thread/INFO]: Created: 512x256 textures/blocks-atlas
[20:15:32] [Sound Library Loader/INFO]: Sound engine started
[20:16:04] [Server thread/INFO]: Starting integrated minecraft server version 1.7.10
[20:16:04] [Server thread/INFO]: Generating keypair
[20:16:05] [Server thread/INFO]: Preparing start region for level 0
[20:16:05] [Server thread/INFO]: Changing view distance to 8, from 10
[20:16:06] [Server thread/INFO]: Player671[local:E:d68488ca] logged in with entity id 162 at (-1277.1632915110893, 4.0, 143.2271550311313)
[20:16:06] [Server thread/INFO]: Player671 joined the game
[20:16:07] [Server thread/INFO]: Saving and pausing game...
[20:16:07] [Server thread/INFO]: Saving chunks for level 'testing'/Overworld
[20:16:07] [Server thread/INFO]: Saving chunks for level 'testing'/Nether
[20:16:07] [Server thread/INFO]: Saving chunks for level 'testing'/The End
[20:16:13] [Server thread/INFO]: Player671 has just earned the achievement [Taking Inventory]
[20:16:13] [Client thread/INFO]: [CHAT] Player671 has just earned the achievement [Taking Inventory]
[20:16:21] [Client thread/INFO]: [CHAT] /gamemode, /gamerule
[20:16:23] [Server thread/INFO]: [Player671: Set own game mode to Survival Mode]
[20:16:23] [Client thread/INFO]: [CHAT] Your game mode has been updated
[20:16:37] [Server thread/INFO]: [Player671: Set own game mode to Creative Mode]
[20:16:37] [Client thread/INFO]: [CHAT] Your game mode has been updated
[20:16:42] [Server thread/INFO]: [Player671: Set own game mode to Survival Mode]
[20:16:42] [Client thread/INFO]: [CHAT] Your game mode has been updated
[20:16:53] [Server thread/INFO]: [Player671: Set own game mode to Creative Mode]
[20:16:53] [Client thread/INFO]: [CHAT] Your game mode has been updated
[20:16:59] [Server thread/INFO]: Saving and pausing game...
[20:16:59] [Server thread/INFO]: Saving chunks for level 'testing'/Overworld
[20:16:59] [Server thread/INFO]: Saving chunks for level 'testing'/Nether
[20:16:59] [Server thread/INFO]: Saving chunks for level 'testing'/The End
[20:17:00] [Server thread/INFO]: Saving and pausing game...
[20:17:00] [Server thread/INFO]: Saving chunks for level 'testing'/Overworld
[20:17:00] [Server thread/INFO]: Saving chunks for level 'testing'/Nether
[20:17:00] [Server thread/INFO]: Saving chunks for level 'testing'/The End
[20:17:01] [Server thread/INFO]: Stopping server
[20:17:01] [Server thread/INFO]: Saving players
[20:17:01] [Server thread/INFO]: Saving worlds
[20:17:01] [Server thread/INFO]: Saving chunks for level 'testing'/Overworld
[20:17:01] [Server thread/INFO]: Saving chunks for level 'testing'/Nether
[20:17:01] [Server thread/INFO]: Saving chunks for level 'testing'/The End
[20:17:02] [Client thread/INFO]: Stopping!
